# JRE version: OpenJDK Runtime Environment Temurin-21.0.9+10 (21.0.9+10) (build 21.0.9+10-LTS)
# Java VM: OpenJDK 64-Bit Server VM Temurin-21.0.9+10 (21.0.9+10-LTS, mixed mode, sharing, tiered, compressed oops, compressed class ptrs, parallel gc, windows-amd64)
GC Precious Log:
 CardTable entry size: 512
 CPUs: 8 total, 8 available
 Memory: 16118M
 Large Page Support: Disabled
 NUMA Support: Disabled
 Compressed Oops: Enabled (32-bit)
 Alignments: Space 512K, Generation 512K, Heap 2M
 Heap Min Capacity: 100M
 Heap Initial Capacity: 100M
 Heap Max Capacity: 2G
 Pre-touch: Disabled
 Parallel Workers: 8
Heap:
 PSYoungGen      total 10752K, used 2088K [0x00000000d5580000, 0x00000000d6180000, 0x0000000100000000)
  eden space 9216K, 10% used [0x00000000d5580000,0x00000000d56691c0,0x00000000d5e80000)
  from space 1536K, 75% used [0x00000000d6000000,0x00000000d6121210,0x00000000d6180000)
  to   space 1536K, 0% used [0x00000000d5e80000,0x00000000d5e80000,0x00000000d6000000)
 ParOldGen       total 215552K, used 98058K [0x0000000080000000, 0x000000008d280000, 0x00000000d5580000)
  object space 215552K, 45% used [0x0000000080000000,0x0000000085fc2b00,0x000000008d280000)
 Metaspace       used 79380K, committed 81152K, reserved 1179648K
  class space    used 8212K, committed 9024K, reserved 1048576K
GC Heap History (20 events):
Event: 935.792 GC heap before
{Heap before GC invocations=177 (full 4):
 PSYoungGen      total 10752K, used 10592K [0x00000000d5580000, 0x00000000d6500000, 0x0000000100000000)
  eden space 9216K, 100% used [0x00000000d5580000,0x00000000d5e80000,0x00000000d5e80000)
  from space 1536K, 89% used [0x00000000d6380000,0x00000000d64d8000,0x00000000d6500000)
  to   space 2560K, 0% used [0x00000000d6000000,0x00000000d6000000,0x00000000d6280000)
 ParOldGen       total 215552K, used 86447K [0x0000000080000000, 0x000000008d280000, 0x00000000d5580000)
  object space 215552K, 40% used [0x0000000080000000,0x000000008546bf78,0x000000008d280000)
 Metaspace       used 79004K, committed 80768K, reserved 1179648K
  class space    used 8209K, committed 9024K, reserved 1048576K
}
Event: 935.795 GC heap after
{Heap after GC invocations=177 (full 4):
 PSYoungGen      total 11264K, used 1620K [0x00000000d5580000, 0x00000000d6400000, 0x0000000100000000)
  eden space 9216K, 0% used [0x00000000d5580000,0x00000000d5580000,0x00000000d5e80000)
  from space 2048K, 79% used [0x00000000d6000000,0x00000000d6195200,0x00000000d6200000)
  to   space 2048K, 0% used [0x00000000d6200000,0x00000000d6200000,0x00000000d6400000)
 ParOldGen       total 215552K, used 87635K [0x0000000080000000, 0x000000008d280000, 0x00000000d5580000)
  object space 215552K, 40% used [0x0000000080000000,0x0000000085594f88,0x000000008d280000)
 Metaspace       used 79004K, committed 80768K, reserved 1179648K
  class space    used 8209K, committed 9024K, reserved 1048576K
}
Event: 935.931 GC heap before
{Heap before GC invocations=178 (full 4):
 PSYoungGen      total 11264K, used 10836K [0x00000000d5580000, 0x00000000d6400000, 0x0000000100000000)
  eden space 9216K, 100% used [0x00000000d5580000,0x00000000d5e80000,0x00000000d5e80000)
  from space 2048K, 79% used [0x00000000d6000000,0x00000000d6195200,0x00000000d6200000)
  to   space 2048K, 0% used [0x00000000d6200000,0x00000000d6200000,0x00000000d6400000)
 ParOldGen       total 215552K, used 87635K [0x0000000080000000, 0x000000008d280000, 0x00000000d5580000)
  object space 215552K, 40% used [0x0000000080000000,0x0000000085594f88,0x000000008d280000)
 Metaspace       used 79063K, committed 80832K, reserved 1179648K
  class space    used 8209K, committed 9024K, reserved 1048576K
}
Event: 935.933 GC heap after
{Heap after GC invocations=178 (full 4):
 PSYoungGen      total 10752K, used 1220K [0x00000000d5580000, 0x00000000d6380000, 0x0000000100000000)
  eden space 9216K, 0% used [0x00000000d5580000,0x00000000d5580000,0x00000000d5e80000)
  from space 1536K, 79% used [0x00000000d6200000,0x00000000d6331210,0x00000000d6380000)
  to   space 1536K, 0% used [0x00000000d6080000,0x00000000d6080000,0x00000000d6200000)
 ParOldGen       total 215552K, used 89076K [0x0000000080000000, 0x000000008d280000, 0x00000000d5580000)
  object space 215552K, 41% used [0x0000000080000000,0x00000000856fd1d8,0x000000008d280000)
 Metaspace       used 79063K, committed 80832K, reserved 1179648K
  class space    used 8209K, committed 9024K, reserved 1048576K
}
Event: 936.034 GC heap before
{Heap before GC invocations=179 (full 4):
 PSYoungGen      total 10752K, used 10436K [0x00000000d5580000, 0x00000000d6380000, 0x0000000100000000)
  eden space 9216K, 100% used [0x00000000d5580000,0x00000000d5e80000,0x00000000d5e80000)
  from space 1536K, 79% used [0x00000000d6200000,0x00000000d6331210,0x00000000d6380000)
  to   space 1536K, 0% used [0x00000000d6080000,0x00000000d6080000,0x00000000d6200000)
 ParOldGen       total 215552K, used 89076K [0x0000000080000000, 0x000000008d280000, 0x00000000d5580000)
  object space 215552K, 41% used [0x0000000080000000,0x00000000856fd1d8,0x000000008d280000)
 Metaspace       used 79112K, committed 80896K, reserved 1179648K
  class space    used 8209K, committed 9024K, reserved 1048576K
}
Event: 936.036 GC heap after
{Heap after GC invocations=179 (full 4):
 PSYoungGen      total 10752K, used 1300K [0x00000000d5580000, 0x00000000d6280000, 0x0000000100000000)
  eden space 9216K, 0% used [0x00000000d5580000,0x00000000d5580000,0x00000000d5e80000)
  from space 1536K, 84% used [0x00000000d6080000,0x00000000d61c5220,0x00000000d6200000)
  to   space 512K, 0% used [0x00000000d6200000,0x00000000d6200000,0x00000000d6280000)
 ParOldGen       total 215552K, used 90199K [0x0000000080000000, 0x000000008d280000, 0x00000000d5580000)
  object space 215552K, 41% used [0x0000000080000000,0x0000000085815f40,0x000000008d280000)
 Metaspace       used 79112K, committed 80896K, reserved 1179648K
  class space    used 8209K, committed 9024K, reserved 1048576K
}
Event: 947.042 GC heap before
{Heap before GC invocations=180 (full 4):
 PSYoungGen      total 10752K, used 10516K [0x00000000d5580000, 0x00000000d6280000, 0x0000000100000000)
  eden space 9216K, 100% used [0x00000000d5580000,0x00000000d5e80000,0x00000000d5e80000)
  from space 1536K, 84% used [0x00000000d6080000,0x00000000d61c5220,0x00000000d6200000)
  to   space 512K, 0% used [0x00000000d6200000,0x00000000d6200000,0x00000000d6280000)
 ParOldGen       total 215552K, used 90199K [0x0000000080000000, 0x000000008d280000, 0x00000000d5580000)
  object space 215552K, 41% used [0x0000000080000000,0x0000000085815f40,0x000000008d280000)
 Metaspace       used 79137K, committed 80896K, reserved 1179648K
  class space    used 8209K, committed 9024K, reserved 1048576K
}
Event: 947.044 GC heap after
{Heap after GC invocations=180 (full 4):
 PSYoungGen      total 9728K, used 506K [0x00000000d5580000, 0x00000000d6380000, 0x0000000100000000)
  eden space 9216K, 0% used [0x00000000d5580000,0x00000000d5580000,0x00000000d5e80000)
  from space 512K, 98% used [0x00000000d6200000,0x00000000d627e900,0x00000000d6280000)
  to   space 2560K, 0% used [0x00000000d5e80000,0x00000000d5e80000,0x00000000d6100000)
 ParOldGen       total 215552K, used 91957K [0x0000000080000000, 0x000000008d280000, 0x00000000d5580000)
  object space 215552K, 42% used [0x0000000080000000,0x00000000859cd5e8,0x000000008d280000)
 Metaspace       used 79137K, committed 80896K, reserved 1179648K
  class space    used 8209K, committed 9024K, reserved 1048576K
}
Event: 947.078 GC heap before
{Heap before GC invocations=181 (full 4):
 PSYoungGen      total 9728K, used 9722K [0x00000000d5580000, 0x00000000d6380000, 0x0000000100000000)
  eden space 9216K, 100% used [0x00000000d5580000,0x00000000d5e80000,0x00000000d5e80000)
  from space 512K, 98% used [0x00000000d6200000,0x00000000d627e900,0x00000000d6280000)
  to   space 2560K, 0% used [0x00000000d5e80000,0x00000000d5e80000,0x00000000d6100000)
 ParOldGen       total 215552K, used 91957K [0x0000000080000000, 0x000000008d280000, 0x00000000d5580000)
  object space 215552K, 42% used [0x0000000080000000,0x00000000859cd5e8,0x000000008d280000)
 Metaspace       used 79203K, committed 80960K, reserved 1179648K
  class space    used 8209K, committed 9024K, reserved 1048576K
}
Event: 947.080 GC heap after
{Heap after GC invocations=181 (full 4):
 PSYoungGen      total 10752K, used 1316K [0x00000000d5580000, 0x00000000d6280000, 0x0000000100000000)
  eden space 9216K, 0% used [0x00000000d5580000,0x00000000d5580000,0x00000000d5e80000)
  from space 1536K, 85% used [0x00000000d5e80000,0x00000000d5fc9210,0x00000000d6000000)
  to   space 2048K, 0% used [0x00000000d6080000,0x00000000d6080000,0x00000000d6280000)
 ParOldGen       total 215552K, used 92429K [0x0000000080000000, 0x000000008d280000, 0x00000000d5580000)
  object space 215552K, 42% used [0x0000000080000000,0x0000000085a43678,0x000000008d280000)
 Metaspace       used 79203K, committed 80960K, reserved 1179648K
  class space    used 8209K, committed 9024K, reserved 1048576K
}
Event: 947.112 GC heap before
{Heap before GC invocations=182 (full 4):
 PSYoungGen      total 10752K, used 10532K [0x00000000d5580000, 0x00000000d6280000, 0x0000000100000000)
  eden space 9216K, 100% used [0x00000000d5580000,0x00000000d5e80000,0x00000000d5e80000)
  from space 1536K, 85% used [0x00000000d5e80000,0x00000000d5fc9210,0x00000000d6000000)
  to   space 2048K, 0% used [0x00000000d6080000,0x00000000d6080000,0x00000000d6280000)
 ParOldGen       total 215552K, used 92429K [0x0000000080000000, 0x000000008d280000, 0x00000000d5580000)
  object space 215552K, 42% used [0x0000000080000000,0x0000000085a43678,0x000000008d280000)
 Metaspace       used 79219K, committed 80960K, reserved 1179648K
  class space    used 8209K, committed 9024K, reserved 1048576K
}
Event: 947.114 GC heap after
{Heap after GC invocations=182 (full 4):
 PSYoungGen      total 10752K, used 1172K [0x00000000d5580000, 0x00000000d6200000, 0x0000000100000000)
  eden space 9216K, 0% used [0x00000000d5580000,0x00000000d5580000,0x00000000d5e80000)
  from space 1536K, 76% used [0x00000000d6080000,0x00000000d61a5220,0x00000000d6200000)
  to   space 1536K, 0% used [0x00000000d5e80000,0x00000000d5e80000,0x00000000d6000000)
 ParOldGen       total 215552K, used 93588K [0x0000000080000000, 0x000000008d280000, 0x00000000d5580000)
  object space 215552K, 43% used [0x0000000080000000,0x0000000085b65038,0x000000008d280000)
 Metaspace       used 79219K, committed 80960K, reserved 1179648K
  class space    used 8209K, committed 9024K, reserved 1048576K
}
Event: 947.915 GC heap before
{Heap before GC invocations=183 (full 4):
 PSYoungGen      total 10752K, used 10388K [0x00000000d5580000, 0x00000000d6200000, 0x0000000100000000)
  eden space 9216K, 100% used [0x00000000d5580000,0x00000000d5e80000,0x00000000d5e80000)
  from space 1536K, 76% used [0x00000000d6080000,0x00000000d61a5220,0x00000000d6200000)
  to   space 1536K, 0% used [0x00000000d5e80000,0x00000000d5e80000,0x00000000d6000000)
 ParOldGen       total 215552K, used 93588K [0x0000000080000000, 0x000000008d280000, 0x00000000d5580000)
  object space 215552K, 43% used [0x0000000080000000,0x0000000085b65038,0x000000008d280000)
 Metaspace       used 79291K, committed 81024K, reserved 1179648K
  class space    used 8210K, committed 9024K, reserved 1048576K
}
Event: 947.916 GC heap after
{Heap after GC invocations=183 (full 4):
 PSYoungGen      total 10752K, used 1188K [0x00000000d5580000, 0x00000000d6180000, 0x0000000100000000)
  eden space 9216K, 0% used [0x00000000d5580000,0x00000000d5580000,0x00000000d5e80000)
  from space 1536K, 77% used [0x00000000d5e80000,0x00000000d5fa9210,0x00000000d6000000)
  to   space 1536K, 0% used [0x00000000d6000000,0x00000000d6000000,0x00000000d6180000)
 ParOldGen       total 215552K, used 94658K [0x0000000080000000, 0x000000008d280000, 0x00000000d5580000)
  object space 215552K, 43% used [0x0000000080000000,0x0000000085c709f8,0x000000008d280000)
 Metaspace       used 79291K, committed 81024K, reserved 1179648K
  class space    used 8210K, committed 9024K, reserved 1048576K
}
Event: 947.953 GC heap before
{Heap before GC invocations=184 (full 4):
 PSYoungGen      total 10752K, used 10404K [0x00000000d5580000, 0x00000000d6180000, 0x0000000100000000)
  eden space 9216K, 100% used [0x00000000d5580000,0x00000000d5e80000,0x00000000d5e80000)
  from space 1536K, 77% used [0x00000000d5e80000,0x00000000d5fa9210,0x00000000d6000000)
  to   space 1536K, 0% used [0x00000000d6000000,0x00000000d6000000,0x00000000d6180000)
 ParOldGen       total 215552K, used 94658K [0x0000000080000000, 0x000000008d280000, 0x00000000d5580000)
  object space 215552K, 43% used [0x0000000080000000,0x0000000085c709f8,0x000000008d280000)
 Metaspace       used 79304K, committed 81088K, reserved 1179648K
  class space    used 8211K, committed 9024K, reserved 1048576K
}
Event: 947.954 GC heap after
{Heap after GC invocations=184 (full 4):
 PSYoungGen      total 10752K, used 1284K [0x00000000d5580000, 0x00000000d6180000, 0x0000000100000000)
  eden space 9216K, 0% used [0x00000000d5580000,0x00000000d5580000,0x00000000d5e80000)
  from space 1536K, 83% used [0x00000000d6000000,0x00000000d6141230,0x00000000d6180000)
  to   space 1536K, 0% used [0x00000000d5e80000,0x00000000d5e80000,0x00000000d6000000)
 ParOldGen       total 215552K, used 95772K [0x0000000080000000, 0x000000008d280000, 0x00000000d5580000)
  object space 215552K, 44% used [0x0000000080000000,0x0000000085d873c8,0x000000008d280000)
 Metaspace       used 79304K, committed 81088K, reserved 1179648K
  class space    used 8211K, committed 9024K, reserved 1048576K
}
Event: 952.050 GC heap before
{Heap before GC invocations=185 (full 4):
 PSYoungGen      total 10752K, used 10500K [0x00000000d5580000, 0x00000000d6180000, 0x0000000100000000)
  eden space 9216K, 100% used [0x00000000d5580000,0x00000000d5e80000,0x00000000d5e80000)
  from space 1536K, 83% used [0x00000000d6000000,0x00000000d6141230,0x00000000d6180000)
  to   space 1536K, 0% used [0x00000000d5e80000,0x00000000d5e80000,0x00000000d6000000)
 ParOldGen       total 215552K, used 95772K [0x0000000080000000, 0x000000008d280000, 0x00000000d5580000)
  object space 215552K, 44% used [0x0000000080000000,0x0000000085d873c8,0x000000008d280000)
 Metaspace       used 79325K, committed 81088K, reserved 1179648K
  class space    used 8211K, committed 9024K, reserved 1048576K
}
Event: 952.051 GC heap after
{Heap after GC invocations=185 (full 4):
 PSYoungGen      total 10752K, used 1236K [0x00000000d5580000, 0x00000000d6180000, 0x0000000100000000)
  eden space 9216K, 0% used [0x00000000d5580000,0x00000000d5580000,0x00000000d5e80000)
  from space 1536K, 80% used [0x00000000d5e80000,0x00000000d5fb5220,0x00000000d6000000)
  to   space 1536K, 0% used [0x00000000d6000000,0x00000000d6000000,0x00000000d6180000)
 ParOldGen       total 215552K, used 96967K [0x0000000080000000, 0x000000008d280000, 0x00000000d5580000)
  object space 215552K, 44% used [0x0000000080000000,0x0000000085eb1d98,0x000000008d280000)
 Metaspace       used 79325K, committed 81088K, reserved 1179648K
  class space    used 8211K, committed 9024K, reserved 1048576K
}
Event: 1002.442 GC heap before
{Heap before GC invocations=186 (full 4):
 PSYoungGen      total 10752K, used 10452K [0x00000000d5580000, 0x00000000d6180000, 0x0000000100000000)
  eden space 9216K, 100% used [0x00000000d5580000,0x00000000d5e80000,0x00000000d5e80000)
  from space 1536K, 80% used [0x00000000d5e80000,0x00000000d5fb5220,0x00000000d6000000)
  to   space 1536K, 0% used [0x00000000d6000000,0x00000000d6000000,0x00000000d6180000)
 ParOldGen       total 215552K, used 96967K [0x0000000080000000, 0x000000008d280000, 0x00000000d5580000)
  object space 215552K, 44% used [0x0000000080000000,0x0000000085eb1d98,0x000000008d280000)
 Metaspace       used 79344K, committed 81088K, reserved 1179648K
  class space    used 8211K, committed 9024K, reserved 1048576K
}
Event: 1002.444 GC heap after
{Heap after GC invocations=186 (full 4):
 PSYoungGen      total 10752K, used 1156K [0x00000000d5580000, 0x00000000d6180000, 0x0000000100000000)
  eden space 9216K, 0% used [0x00000000d5580000,0x00000000d5580000,0x00000000d5e80000)
  from space 1536K, 75% used [0x00000000d6000000,0x00000000d6121210,0x00000000d6180000)
  to   space 1536K, 0% used [0x00000000d5e80000,0x00000000d5e80000,0x00000000d6000000)
 ParOldGen       total 215552K, used 98058K [0x0000000080000000, 0x000000008d280000, 0x00000000d5580000)
  object space 215552K, 45% used [0x0000000080000000,0x0000000085fc2b00,0x000000008d280000)
 Metaspace       used 79344K, committed 81088K, reserved 1179648K
  class space    used 8211K, committed 9024K, reserved 1048576K
}

